<?xml version="1.0" encoding="UTF-8"?>
<!-- Generated by org.testng.reporters.JUnitReportReporter -->
<testsuite hostname="sandhu" failures="0" tests="1" name="demo.Demo2Test" time="0.015" errors="0" timestamp="2023-07-06T10:30:24 IST" skipped="0">
  <testcase classname="demo.Demo2Test" name="m2" time="0.015"/>
  <system-out/>
</testsuite> <!-- demo.Demo2Test -->
